<?xml version="1.0" encoding="UTF-8"?>
<!-- Generated by org.testng.reporters.JUnitXMLReporter -->
<testsuite ignored="2" hostname="MOHIT" failures="0" tests="2" name="chromeBrowser" time="15.266" errors="0" timestamp="2023-05-30T13:24:53 IST">
  <testcase classname="GenericUtilities.BaseClass" name="@BeforeClass launchBrowser" time="0.948">
    <failure type="java.lang.IllegalStateException" message="The path to the driver executable Unable to locate the chromedriver executable; for more information on how to install drivers, see https://www.selenium.dev/documentation/webdriver/getting_started/install_drivers/">
      <![CDATA[java.lang.IllegalStateException: The path to the driver executable Unable to locate the chromedriver executable; for more information on how to install drivers, see https://www.selenium.dev/documentation/webdriver/getting_started/install_drivers/
at org.openqa.selenium.internal.Require$StateChecker.nonNull(Require.java:314)
at org.openqa.selenium.remote.service.DriverFinder.getPath(DriverFinder.java:34)
at org.openqa.selenium.chrome.ChromeDriver.generateExecutor(ChromeDriver.java:98)
at org.openqa.selenium.chrome.ChromeDriver.<init>(ChromeDriver.java:88)
at org.openqa.selenium.chrome.ChromeDriver.<init>(ChromeDriver.java:84)
at org.openqa.selenium.chrome.ChromeDriver.<init>(ChromeDriver.java:52)
at GenericUtilities.BaseClass.launchBrowser(BaseClass.java:45)
at java.base/java.util.concurrent.ThreadPoolExecutor.runWorker(ThreadPoolExecutor.java:1136)
at java.base/java.util.concurrent.ThreadPoolExecutor$Worker.run(ThreadPoolExecutor.java:635)
at java.base/java.lang.Thread.run(Thread.java:833)
... Removed 10 stack frames]]>
    </failure>
  </testcase> <!-- @BeforeClass launchBrowser -->
  <testcase classname="GenericUtilities.BaseClass" name="@BeforeMethod login" time="-1.685433278994E9">
    <skipped/>
  </testcase> <!-- @BeforeMethod login -->
  <testcase classname="GenericUtilities.BaseClass" name="@AfterMethod logout" time="-1.685433279012E9">
    <skipped/>
  </testcase> <!-- @AfterMethod logout -->
  <testcase classname="GenericUtilities.BaseClass" name="@AfterClass closeBrowser" time="-1.685433279016E9">
    <skipped/>
  </testcase> <!-- @AfterClass closeBrowser -->
  <testcase classname="com.hrm.HRM_SystemEmployee.Tc_testDownlodEmployee" name="downloadEmployee" time="0.0">
    <skipped/>
  </testcase> <!-- downloadEmployee -->
  <testcase classname="com.hrm.HRM_SystemEmployee.Tc_testAddAdmin" name="createAdmin" time="5.774"/>
  <testcase classname="GenericUtilities.BaseClass" name="@AfterSuite closeDataBase" time="0.0">
    <ignored/>
  </testcase> <!-- @AfterSuite closeDataBase -->
  <testcase classname="GenericUtilities.BaseClass" name="@BeforeSuite connectDataBase" time="0.0">
    <ignored/>
  </testcase> <!-- @BeforeSuite connectDataBase -->
</testsuite> <!-- chromeBrowser -->
